<?xml version="1.0" encoding="UTF-8"?>
<!-- Generated by org.testng.reporters.JUnitXMLReporter -->
<testsuite ignored="0" hostname="DESKTOP-NDMVHJR" failures="0" tests="3" name="Test" time="174.05" errors="0" timestamp="2024-01-19T08:04:25 IST">
  <testcase classname="com.qa.room.test.BookingsPageTest" name="get_booking_done" time="4.672"/>
  <testcase classname="com.qa.room.test.SearchFlatTest" name="searchflatbasedoncity" time="11.945"/>
  <testcase classname="com.qa.room.test.HomePageTest" name="open_data_test" time="0.336"/>
</testsuite> <!-- Test -->
