<?xml version="1.0" encoding="UTF-8"?>
<!-- Generated by org.testng.reporters.JUnitXMLReporter -->
<testsuite ignored="0" hostname="DESKTOP-NDMVHJR" failures="0" tests="3" name="Test" time="154.411" errors="0" timestamp="2024-01-17T08:11:14 IST">
  <testcase classname="com.qa.room.test.BookingsPageTest" name="get_booking_done" time="3.831"/>
  <testcase classname="com.qa.room.test.SearchFlatTest" name="searchflatbasedoncity" time="13.049"/>
  <testcase classname="com.qa.room.test.HomePageTest" name="open_data_test" time="0.278"/>
</testsuite> <!-- Test -->
