<?xml version="1.0" encoding="UTF-8"?>
<testng-results ignored="0" total="1" passed="1" failed="0" skipped="0">
  <reporter-output>
  </reporter-output>
  <suite started-at="2024-01-19T14:50:51 IST" name="Default suite" finished-at="2024-01-19T14:51:47 IST" duration-ms="56199">
    <groups>
    </groups>
    <test started-at="2024-01-19T14:50:51 IST" name="Default test" finished-at="2024-01-19T14:51:47 IST" duration-ms="56199">
      <class name="com.qa.room.test.BookingsPageTest">
        <test-method is-config="true" signature="setup()[pri:0, instance:com.qa.room.test.BookingsPageTest@5b8dfcc1]" started-at="2024-01-19T14:50:51 IST" name="setup" finished-at="2024-01-19T14:51:44 IST" duration-ms="52474" status="PASS">
          <reporter-output>
          </reporter-output>
        </test-method> <!-- setup -->
        <test-method signature="get_booking_done()[pri:0, instance:com.qa.room.test.BookingsPageTest@5b8dfcc1]" started-at="2024-01-19T14:51:44 IST" name="get_booking_done" finished-at="2024-01-19T14:51:46 IST" duration-ms="2180" status="PASS">
          <reporter-output>
          </reporter-output>
        </test-method> <!-- get_booking_done -->
      </class> <!-- com.qa.room.test.BookingsPageTest -->
    </test> <!-- Default test -->
  </suite> <!-- Default suite -->
</testng-results>
