<?xml version="1.0" encoding="UTF-8"?>
<testng-results ignored="0" total="3" passed="3" failed="0" skipped="0">
  <reporter-output>
  </reporter-output>
  <suite started-at="2024-01-17T08:08:39 IST" name="Suite" finished-at="2024-01-17T08:11:14 IST" duration-ms="154411">
    <groups>
    </groups>
    <test started-at="2024-01-17T08:08:39 IST" name="Test" finished-at="2024-01-17T08:11:14 IST" duration-ms="154411">
      <class name="com.qa.room.test.SearchFlatTest">
        <test-method is-config="true" signature="setup()[pri:0, instance:com.qa.room.test.SearchFlatTest@3e694b3f]" started-at="2024-01-17T08:09:49 IST" name="setup" finished-at="2024-01-17T08:10:15 IST" duration-ms="26496" status="PASS">
          <reporter-output>
          </reporter-output>
        </test-method> <!-- setup -->
        <test-method signature="searchflatbasedoncity()[pri:0, instance:com.qa.room.test.SearchFlatTest@3e694b3f]" started-at="2024-01-17T08:10:15 IST" name="searchflatbasedoncity" finished-at="2024-01-17T08:10:28 IST" duration-ms="13049" status="PASS">
          <reporter-output>
          </reporter-output>
        </test-method> <!-- searchflatbasedoncity -->
      </class> <!-- com.qa.room.test.SearchFlatTest -->
      <class name="com.qa.room.test.BookingsPageTest">
        <test-method is-config="true" signature="setup()[pri:0, instance:com.qa.room.test.BookingsPageTest@5b8dfcc1]" started-at="2024-01-17T08:08:39 IST" name="setup" finished-at="2024-01-17T08:09:43 IST" duration-ms="64000" status="PASS">
          <reporter-output>
          </reporter-output>
        </test-method> <!-- setup -->
        <test-method signature="get_booking_done()[pri:0, instance:com.qa.room.test.BookingsPageTest@5b8dfcc1]" started-at="2024-01-17T08:09:43 IST" name="get_booking_done" finished-at="2024-01-17T08:09:47 IST" duration-ms="3831" status="PASS">
          <reporter-output>
          </reporter-output>
        </test-method> <!-- get_booking_done -->
      </class> <!-- com.qa.room.test.BookingsPageTest -->
      <class name="com.qa.room.test.HomePageTest">
        <test-method is-config="true" signature="setup()[pri:0, instance:com.qa.room.test.HomePageTest@1bb5a082]" started-at="2024-01-17T08:10:29 IST" name="setup" finished-at="2024-01-17T08:11:13 IST" duration-ms="43777" status="PASS">
          <reporter-output>
          </reporter-output>
        </test-method> <!-- setup -->
        <test-method signature="open_data_test()[pri:0, instance:com.qa.room.test.HomePageTest@1bb5a082]" started-at="2024-01-17T08:11:13 IST" name="open_data_test" finished-at="2024-01-17T08:11:13 IST" duration-ms="278" status="PASS">
          <reporter-output>
          </reporter-output>
        </test-method> <!-- open_data_test -->
      </class> <!-- com.qa.room.test.HomePageTest -->
    </test> <!-- Test -->
  </suite> <!-- Suite -->
</testng-results>
